Performing C++ SOURCE FILE Test CMAKE_HAVE_LIBC_PTHREAD failed with the following output:
Change Dir: /home/he238/cuda-programming-assignment-part-4-bonus-he238/CMakeFiles/CMakeTmp

Run Build Command(s):/bin/gmake cmTC_9b5e6/fast && /bin/gmake -f CMakeFiles/cmTC_9b5e6.dir/build.make CMakeFiles/cmTC_9b5e6.dir/build
gmake[1]: Entering directory `/home/he238/cuda-programming-assignment-part-4-bonus-he238/CMakeFiles/CMakeTmp'
Building CXX object CMakeFiles/cmTC_9b5e6.dir/src.cxx.o
/apps/spack/scholar/fall20/apps/gcc/6.3.0-gcc-4.8.5-234aoxy/bin/c++    -DCMAKE_HAVE_LIBC_PTHREAD   -o CMakeFiles/cmTC_9b5e6.dir/src.cxx.o -c /home/he238/cuda-programming-assignment-part-4-bonus-he238/CMakeFiles/CMakeTmp/src.cxx
Linking CXX executable cmTC_9b5e6
/apps/spack/scholar/fall20/apps/cmake/3.15.4-gcc-6.3.0-j762ehf/bin/cmake -E cmake_link_script CMakeFiles/cmTC_9b5e6.dir/link.txt --verbose=1
/apps/spack/scholar/fall20/apps/gcc/6.3.0-gcc-4.8.5-234aoxy/bin/c++   -DCMAKE_HAVE_LIBC_PTHREAD    CMakeFiles/cmTC_9b5e6.dir/src.cxx.o  -o cmTC_9b5e6 
CMakeFiles/cmTC_9b5e6.dir/src.cxx.o: In function `main':
src.cxx:(.text+0x2d): undefined reference to `pthread_create'
src.cxx:(.text+0x39): undefined reference to `pthread_detach'
src.cxx:(.text+0x4a): undefined reference to `pthread_join'
src.cxx:(.text+0x5e): undefined reference to `pthread_atfork'
/bin/ld: link errors found, deleting executable `cmTC_9b5e6'
/usr/bin/sha1sum: cmTC_9b5e6: No such file or directory
collect2: error: ld returned 1 exit status
gmake[1]: *** [cmTC_9b5e6] Error 1
gmake[1]: Leaving directory `/home/he238/cuda-programming-assignment-part-4-bonus-he238/CMakeFiles/CMakeTmp'
gmake: *** [cmTC_9b5e6/fast] Error 2


Source file was:
#include <pthread.h>

void* test_func(void* data)
{
  return data;
}

int main(void)
{
  pthread_t thread;
  pthread_create(&thread, NULL, test_func, NULL);
  pthread_detach(thread);
  pthread_join(thread, NULL);
  pthread_atfork(NULL, NULL, NULL);
  pthread_exit(NULL);

  return 0;
}

Determining if the function pthread_create exists in the pthreads failed with the following output:
Change Dir: /home/he238/cuda-programming-assignment-part-4-bonus-he238/CMakeFiles/CMakeTmp

Run Build Command(s):/bin/gmake cmTC_12f1c/fast && /bin/gmake -f CMakeFiles/cmTC_12f1c.dir/build.make CMakeFiles/cmTC_12f1c.dir/build
gmake[1]: Entering directory `/home/he238/cuda-programming-assignment-part-4-bonus-he238/CMakeFiles/CMakeTmp'
Building CXX object CMakeFiles/cmTC_12f1c.dir/CheckFunctionExists.cxx.o
/apps/spack/scholar/fall20/apps/gcc/6.3.0-gcc-4.8.5-234aoxy/bin/c++    -DCHECK_FUNCTION_EXISTS=pthread_create   -o CMakeFiles/cmTC_12f1c.dir/CheckFunctionExists.cxx.o -c /home/he238/cuda-programming-assignment-part-4-bonus-he238/CMakeFiles/CheckLibraryExists/CheckFunctionExists.cxx
Linking CXX executable cmTC_12f1c
/apps/spack/scholar/fall20/apps/cmake/3.15.4-gcc-6.3.0-j762ehf/bin/cmake -E cmake_link_script CMakeFiles/cmTC_12f1c.dir/link.txt --verbose=1
/apps/spack/scholar/fall20/apps/gcc/6.3.0-gcc-4.8.5-234aoxy/bin/c++   -DCHECK_FUNCTION_EXISTS=pthread_create    CMakeFiles/cmTC_12f1c.dir/CheckFunctionExists.cxx.o  -o cmTC_12f1c -lpthreads 
/bin/ld: cannot find -lpthreads
/usr/bin/sha1sum: cmTC_12f1c: No such file or directory
collect2: error: ld returned 1 exit status
gmake[1]: *** [cmTC_12f1c] Error 1
gmake[1]: Leaving directory `/home/he238/cuda-programming-assignment-part-4-bonus-he238/CMakeFiles/CMakeTmp'
gmake: *** [cmTC_12f1c/fast] Error 2



